<?xml version="1.0"?>
<configuration>
	<env>
		<monitor>
			<params>
				<param name="app.name" value="TEST-RIVER" />
				<param name="monitor.window.recycle" value="10ss" />
				<param name="monitor.frequency.write" value="1mm" />
			</params>
			<counter class="com.wookler.server.common.counter.LogCounterLogger" />
			<heartbeat class="com.wookler.server.common.counter.LogHeartbeatLogger" />
		</monitor>
		<task-manager name="TEST-RIVER-TM">
			<params>
				<param name="executor.pool.size" value="1" />
			</params>
		</task-manager>
		<module name="SAMPLE-EVENT-LOGGER" />
	</env>
	<river>
		<test>
			<auto class="com.wookler.server.common.config.TestAuto"
				autoload="false">
				<params>
					<param name="enum" value="TEST2" />
					<param name="double" value="99824.2344" />
				</params>
			</auto>
		</test>
		<recycled-file filename="/tmp/test/recycle/test-recycle.txt"
			append="true">
			<recycleStrategy
				class="com.wookler.server.common.utils.FileSizeRecycleStrategy">
				<params>
					<param name="size" value="50 KB" />
				</params>
			</recycleStrategy>
			<backup>
				<params>
					<param name="backup.directory" value="/tmp/test/recycle/backup/${date, yyyy/MM/dd}/" />
					<param name="backup.count" value="10" />
					<param name="backup.compress" value="true" />
				</params>
			</backup>
		</recycled-file>
	</river>
</configuration>